<?xml version="1.0" encoding="UTF-8"?>
<!-- Generated by org.testng.reporters.JUnitReportReporter -->
<testsuite hostname="DESKTOP-GQ1HDIT" failures="0" tests="1" name="APIChaining.EndToEndProject" time="3.441" errors="0" timestamp="05 Jun 2022 06:28:35 GMT" skipped="0">
  <testcase classname="APIChaining.EndToEndProject" name="test1" time="3.441"/>
</testsuite> <!-- APIChaining.EndToEndProject -->
